<?xml version="1.0" encoding="UTF-8"?>
<testsuite name="testSuite.Amazon.CRUDProjectTest" tests="1" skipped="0" failures="0" errors="0" timestamp="2023-02-03T18:01:35" hostname="GWTN156-5" time="30.533">
  <properties/>
  <testcase name="verifyTest()" classname="testSuite.Amazon.CRUDProjectTest" time="30.533"/>
  <system-out><![CDATA[]]></system-out>
  <system-err><![CDATA[SLF4J: Failed to load class "org.slf4j.impl.StaticLoggerBinder".
SLF4J: Defaulting to no-operation (NOP) logger implementation
SLF4J: See http://www.slf4j.org/codes.html#StaticLoggerBinder for further details.
Starting ChromeDriver 109.0.5414.74 (e7c5703604daa9cc128ccf5a5d3e993513758913-refs/branch-heads/5414@{#1172}) on port 6453
Only local connections are allowed.
Please see https://chromedriver.chromium.org/security-considerations for suggestions on keeping ChromeDriver safe.
ChromeDriver was started successfully.
]]></system-err>
</testsuite>
